Дата и время вызова 2023-10-28 21:59:39.335357
Имя функции: hello_world
Аргументы: (), {}
Возвращает значение: Hello World

Дата и время вызова 2023-10-28 21:59:39.335457
Имя функции: summator
Аргументы: (2, 2), {}
Возвращает значение: 4

Дата и время вызова 2023-10-28 21:59:39.335485
Имя функции: div
Аргументы: (6, 2), {}
Возвращает значение: 3.0

Дата и время вызова 2023-10-28 21:59:39.335526
Имя функции: summator
Аргументы: (4.3,), {'b': 2.2}
Возвращает значение: 6.5

Дата и время вызова 2023-10-28 21:59:39.335552
Имя функции: summator
Аргументы: (), {'a': 0, 'b': 0}
Возвращает значение: 0

